Start testing: Jan 17 00:43 PST
----------------------------------------------------------
26/169 Testing: t_byte_stream_construction
26/169 Test: t_byte_stream_construction
Command: "/home/wuchengen/Desktop/CS144/lab0/main/sponge/build/tests/byte_stream_construction"
Directory: /home/wuchengen/Desktop/CS144/lab0/main/sponge/build
"t_byte_stream_construction" start time: Jan 17 00:43 PST
Output:
----------------------------------------------------------
<end of output>
Test time =   0.00 sec
----------------------------------------------------------
Test Passed.
"t_byte_stream_construction" end time: Jan 17 00:43 PST
"t_byte_stream_construction" time elapsed: 00:00:00
----------------------------------------------------------

27/169 Testing: t_byte_stream_one_write
27/169 Test: t_byte_stream_one_write
Command: "/home/wuchengen/Desktop/CS144/lab0/main/sponge/build/tests/byte_stream_one_write"
Directory: /home/wuchengen/Desktop/CS144/lab0/main/sponge/build
"t_byte_stream_one_write" start time: Jan 17 00:43 PST
Output:
----------------------------------------------------------
<end of output>
Test time =   0.00 sec
----------------------------------------------------------
Test Passed.
"t_byte_stream_one_write" end time: Jan 17 00:43 PST
"t_byte_stream_one_write" time elapsed: 00:00:00
----------------------------------------------------------

28/169 Testing: t_byte_stream_two_writes
28/169 Test: t_byte_stream_two_writes
Command: "/home/wuchengen/Desktop/CS144/lab0/main/sponge/build/tests/byte_stream_two_writes"
Directory: /home/wuchengen/Desktop/CS144/lab0/main/sponge/build
"t_byte_stream_two_writes" start time: Jan 17 00:43 PST
Output:
----------------------------------------------------------
<end of output>
Test time =   0.00 sec
----------------------------------------------------------
Test Passed.
"t_byte_stream_two_writes" end time: Jan 17 00:43 PST
"t_byte_stream_two_writes" time elapsed: 00:00:00
----------------------------------------------------------

29/169 Testing: t_byte_stream_capacity
29/169 Test: t_byte_stream_capacity
Command: "/home/wuchengen/Desktop/CS144/lab0/main/sponge/build/tests/byte_stream_capacity"
Directory: /home/wuchengen/Desktop/CS144/lab0/main/sponge/build
"t_byte_stream_capacity" start time: Jan 17 00:43 PST
Output:
----------------------------------------------------------
<end of output>
Test time =   0.33 sec
----------------------------------------------------------
Test Passed.
"t_byte_stream_capacity" end time: Jan 17 00:43 PST
"t_byte_stream_capacity" time elapsed: 00:00:00
----------------------------------------------------------

30/169 Testing: t_byte_stream_many_writes
30/169 Test: t_byte_stream_many_writes
Command: "/home/wuchengen/Desktop/CS144/lab0/main/sponge/build/tests/byte_stream_many_writes"
Directory: /home/wuchengen/Desktop/CS144/lab0/main/sponge/build
"t_byte_stream_many_writes" start time: Jan 17 00:43 PST
Output:
----------------------------------------------------------
<end of output>
Test time =   0.01 sec
----------------------------------------------------------
Test Passed.
"t_byte_stream_many_writes" end time: Jan 17 00:43 PST
"t_byte_stream_many_writes" time elapsed: 00:00:00
----------------------------------------------------------

31/169 Testing: t_webget
31/169 Test: t_webget
Command: "/home/wuchengen/Desktop/CS144/lab0/main/sponge/tests/webget_t.sh"
Directory: /home/wuchengen/Desktop/CS144/lab0/main/sponge/build
"t_webget" start time: Jan 17 00:43 PST
Output:
----------------------------------------------------------
<end of output>
Test time =   0.00 sec
----------------------------------------------------------
Test Failed.
"t_webget" end time: Jan 17 00:43 PST
"t_webget" time elapsed: 00:00:00
----------------------------------------------------------

53/169 Testing: t_address_dt
53/169 Test: t_address_dt
Command: "/home/wuchengen/Desktop/CS144/lab0/main/sponge/build/doctests/address_dt"
Directory: /home/wuchengen/Desktop/CS144/lab0/main/sponge/build
"t_address_dt" start time: Jan 17 00:43 PST
Output:
----------------------------------------------------------
<end of output>
Test time =   0.04 sec
----------------------------------------------------------
Test Passed.
"t_address_dt" end time: Jan 17 00:43 PST
"t_address_dt" time elapsed: 00:00:00
----------------------------------------------------------

54/169 Testing: t_parser_dt
54/169 Test: t_parser_dt
Command: "/home/wuchengen/Desktop/CS144/lab0/main/sponge/build/doctests/parser_dt"
Directory: /home/wuchengen/Desktop/CS144/lab0/main/sponge/build
"t_parser_dt" start time: Jan 17 00:43 PST
Output:
----------------------------------------------------------
<end of output>
Test time =   0.00 sec
----------------------------------------------------------
Test Passed.
"t_parser_dt" end time: Jan 17 00:43 PST
"t_parser_dt" time elapsed: 00:00:00
----------------------------------------------------------

55/169 Testing: t_socket_dt
55/169 Test: t_socket_dt
Command: "/home/wuchengen/Desktop/CS144/lab0/main/sponge/build/doctests/socket_dt"
Directory: /home/wuchengen/Desktop/CS144/lab0/main/sponge/build
"t_socket_dt" start time: Jan 17 00:43 PST
Output:
----------------------------------------------------------
<end of output>
Test time =   0.00 sec
----------------------------------------------------------
Test Passed.
"t_socket_dt" end time: Jan 17 00:43 PST
"t_socket_dt" time elapsed: 00:00:00
----------------------------------------------------------

End testing: Jan 17 00:43 PST
