Start testing: Jan 12 07:12 PST
----------------------------------------------------------
31/169 Testing: t_webget
31/169 Test: t_webget
Command: "/home/wuchengen/Desktop/sponge/tests/webget_t.sh"
Directory: /home/wuchengen/Desktop/sponge/build
"t_webget" start time: Jan 12 07:12 PST
Output:
----------------------------------------------------------
Function called: get_URL(cs144.keithw.org, /nph-hasher/xyzzy).
Warning: get_URL() has not been implemented yet.
HTTP/1.1 200 OK
Content-type: text/plain

7SmXqWkrLKzVBCEalbSPqBcvs11Pw263K7x4Wv3JckI
<end of output>
Test time =   1.14 sec
----------------------------------------------------------
Test Passed.
"t_webget" end time: Jan 12 07:12 PST
"t_webget" time elapsed: 00:00:01
----------------------------------------------------------

End testing: Jan 12 07:12 PST
